
{
  message: 'GET  - /dkjshskj - INEXISTENTE.',
  level: 'warn',
  timestamp: '2022-06-11T16:39:03.666Z'
}
{
  message: 'GET  - /favicon.ico - INEXISTENTE.',
  level: 'warn',
  timestamp: '2022-06-11T16:39:04.246Z'
}
{
  message: 'GET  - /favicon.ico - INEXISTENTE.',
  level: 'warn',
  timestamp: '2022-06-11T16:40:28.113Z'
}
{
  message: 'GET  - /favicon.ico - INEXISTENTE.',
  level: 'warn',
  timestamp: '2022-06-11T17:00:09.405Z'
}
{
  message: 'Error: Token is required-Error authentication failed',
  level: 'error',
  timestamp: '2022-06-24T17:05:10.513Z'
}
{
  message: 'Error: Token is required-Error authentication failed',
  level: 'error',
  timestamp: '2022-06-24T17:09:47.663Z'
}
{
  message: 'Error: Token is required-Error authentication failed',
  level: 'error',
  timestamp: '2022-06-24T17:10:21.576Z'
}
{
  message: 'Error: Token is required-Error authentication failed',
  level: 'error',
  timestamp: '2022-06-24T17:15:16.710Z'
}
{
  message: 'Error: Token is required-Error authentication failed',
  level: 'error',
  timestamp: '2022-06-24T17:15:33.572Z'
}
{
  message: 'Error: Token is required-Error authentication failed',
  level: 'error',
  timestamp: '2022-06-24T17:15:51.810Z'
}
{
  message: 'Error: Token is required-Error authentication failed',
  level: 'error',
  timestamp: '2022-06-24T17:18:38.954Z'
}
{
  message: 'Error: Token is required-Error authentication failed',
  level: 'error',
  timestamp: '2022-06-24T17:18:52.254Z'
}
{
  message: 'Error: Token is required-Error authentication failed',
  level: 'error',
  timestamp: '2022-06-24T17:19:52.636Z'
}
{
  message: 'Error: Token is required-Error authentication failed',
  level: 'error',
  timestamp: '2022-06-24T17:20:48.246Z'
}
{
  message: 'Error: Token is required-Error authentication failed',
  level: 'error',
  timestamp: '2022-06-24T17:21:21.524Z'
}
{
  message: 'Error: Token is required-Error authentication failed',
  level: 'error',
  timestamp: '2022-06-24T17:25:01.381Z'
}
{
  message: 'Error: Token is required-Error authentication failed',
  level: 'error',
  timestamp: '2022-06-24T17:26:17.076Z'
}
{
  message: 'Error: Token is required-Error authentication failed',
  level: 'error',
  timestamp: '2022-06-24T17:26:22.780Z'
}
{
  message: 'Error: Token is required-Error authentication failed',
  level: 'error',
  timestamp: '2022-06-24T17:26:30.395Z'
}
{
  message: 'Error: Token is required-Error authentication failed',
  level: 'error',
  timestamp: '2022-06-24T17:26:48.176Z'
}
{
  message: 'Error: Token is required-Error authentication failed',
  level: 'error',
  timestamp: '2022-06-24T17:27:08.247Z'
}
{
  message: 'Error: Token is required-Error authentication failed',
  level: 'error',
  timestamp: '2022-06-24T17:27:12.050Z'
}
{
  message: 'Error: Token is required-Error authentication failed',
  level: 'error',
  timestamp: '2022-06-24T17:27:54.897Z'
}
{
  message: 'Error: Token is required-Error authentication failed',
  level: 'error',
  timestamp: '2022-06-24T17:27:59.101Z'
}
{
  message: 'Error: Token is required-Error authentication failed',
  level: 'error',
  timestamp: '2022-06-24T17:28:22.272Z'
}
{
  message: 'Error: Token is required-Error authentication failed',
  level: 'error',
  timestamp: '2022-06-24T17:28:55.668Z'
}
{
  message: 'Error: Token is required-Error authentication failed',
  level: 'error',
  timestamp: '2022-06-24T17:29:06.210Z'
}
{
  message: 'Error: Token is required-Error authentication failed',
  level: 'error',
  timestamp: '2022-06-24T17:29:26.559Z'
}
{
  message: 'Error: Token is required-Error authentication failed',
  level: 'error',
  timestamp: '2022-06-24T17:29:35.403Z'
}
{
  message: 'Error: Token is required-Error authentication failed',
  level: 'error',
  timestamp: '2022-06-24T17:32:29.269Z'
}
{
  message: 'Error: Token is required-Error authentication failed',
  level: 'error',
  timestamp: '2022-06-24T17:33:44.338Z'
}
{
  message: 'Error: Token is required-Error authentication failed',
  level: 'error',
  timestamp: '2022-06-24T17:37:59.127Z'
}
{
  message: 'Error: Token is required-Error authentication failed',
  level: 'error',
  timestamp: '2022-06-24T17:38:21.115Z'
}
{
  message: 'Error: Token is required-Error authentication failed',
  level: 'error',
  timestamp: '2022-06-24T17:39:33.713Z'
}
{
  message: 'Error: Token is required-Error authentication failed',
  level: 'error',
  timestamp: '2022-06-24T17:40:21.229Z'
}
{
  message: 'Error: Token is required-Error authentication failed',
  level: 'error',
  timestamp: '2022-06-24T17:40:46.828Z'
}
{
  message: 'Error: Token is required-Error authentication failed',
  level: 'error',
  timestamp: '2022-06-24T17:40:52.969Z'
}
{
  message: 'Error: Token is required-Error authentication failed',
  level: 'error',
  timestamp: '2022-06-24T17:41:19.800Z'
}
{
  message: 'Error: Token is required-Error authentication failed',
  level: 'error',
  timestamp: '2022-06-24T17:41:53.286Z'
}
{
  message: 'Error: Token is required-Error authentication failed',
  level: 'error',
  timestamp: '2022-06-24T17:42:10.797Z'
}
{
  message: 'Error: Token is required-Error authentication failed',
  level: 'error',
  timestamp: '2022-06-24T17:42:36.704Z'
}
{
  message: 'Error: Token is required-Error authentication failed',
  level: 'error',
  timestamp: '2022-06-24T17:43:17.271Z'
}
{
  message: 'Error: Token is required-Error authentication failed',
  level: 'error',
  timestamp: '2022-06-24T17:43:54.426Z'
}
{
  message: 'Error: Token is required-Error authentication failed',
  level: 'error',
  timestamp: '2022-06-24T17:45:00.885Z'
}
{
  message: 'Error: Token is required-Error authentication failed',
  level: 'error',
  timestamp: '2022-06-24T17:45:09.080Z'
}
{
  message: 'Error: Token is required-Error authentication failed',
  level: 'error',
  timestamp: '2022-06-24T17:45:27.612Z'
}
{
  message: 'Error: Token is required-Error authentication failed',
  level: 'error',
  timestamp: '2022-06-24T17:45:31.178Z'
}
{
  message: 'Error: Token is required-Error authentication failed',
  level: 'error',
  timestamp: '2022-06-24T17:45:44.302Z'
}
{
  message: 'Error: Token is required-Error authentication failed',
  level: 'error',
  timestamp: '2022-06-24T17:52:22.305Z'
}
{
  message: 'Error: Token is required-Error authentication failed',
  level: 'error',
  timestamp: '2022-06-24T17:54:09.570Z'
}
{
  message: 'Error: Token is required-Error authentication failed',
  level: 'error',
  timestamp: '2022-06-24T17:58:36.191Z'
}
{
  message: 'Error: Token is required-Error authentication failed',
  level: 'error',
  timestamp: '2022-06-24T18:00:04.148Z'
}
{
  message: 'Error: Token is required-Error authentication failed',
  level: 'error',
  timestamp: '2022-06-24T18:00:11.161Z'
}
{
  message: 'Error: Token is required-Error authentication failed',
  level: 'error',
  timestamp: '2022-06-24T18:01:40.403Z'
}
{
  message: 'Error: Token is required-Error authentication failed',
  level: 'error',
  timestamp: '2022-06-24T18:01:44.619Z'
}
{
  message: 'Error: Token is required-Error authentication failed',
  level: 'error',
  timestamp: '2022-06-24T18:02:17.886Z'
}
{
  message: 'Error: Token is required-Error authentication failed',
  level: 'error',
  timestamp: '2022-06-24T18:02:24.834Z'
}
{
  message: 'Error: Token is required-Error authentication failed',
  level: 'error',
  timestamp: '2022-06-24T18:02:37.276Z'
}
{
  message: 'Error: Token is required-Error authentication failed',
  level: 'error',
  timestamp: '2022-06-24T18:13:08.862Z'
}
{
  message: 'Error: Token is required-Error authentication failed',
  level: 'error',
  timestamp: '2022-06-24T18:14:14.336Z'
}
{
  message: 'Error: Token is required-Error authentication failed',
  level: 'error',
  timestamp: '2022-06-24T18:16:18.074Z'
}
{
  message: 'Error: Token is required-Error authentication failed',
  level: 'error',
  timestamp: '2022-06-24T18:16:35.429Z'
}
{
  message: 'Error: Token is required-Error authentication failed',
  level: 'error',
  timestamp: '2022-06-24T18:17:23.101Z'
}
{
  message: 'Error: Token is required-Error authentication failed',
  level: 'error',
  timestamp: '2022-06-24T18:18:35.799Z'
}
{
  code: undefined,
  level: 'error',
  timestamp: '2022-06-24T18:20:10.186Z'
}
{
  message: "TypeError: Cannot read property '_id' of undefined-Error signing up client",
  level: 'error',
  timestamp: '2022-06-24T18:20:10.189Z'
}
{
  message: 'Error: Token is required-Error authentication failed',
  level: 'error',
  timestamp: '2022-06-24T18:22:08.001Z'
}
{
  message: 'Error: Token is required-Error authentication failed',
  level: 'error',
  timestamp: '2022-06-24T18:28:37.195Z'
}
{
  message: 'Error: Token is required-Error authentication failed',
  level: 'error',
  timestamp: '2022-06-24T18:30:02.395Z'
}
{
  message: 'Error: Token is required-Error authentication failed',
  level: 'error',
  timestamp: '2022-06-24T18:37:02.499Z'
}
{
  message: 'Error: Token is required-Error authentication failed',
  level: 'error',
  timestamp: '2022-06-24T18:40:34.851Z'
}
{
  message: 'Error: Token is required-Error authentication failed',
  level: 'error',
  timestamp: '2022-06-24T20:00:37.140Z'
}
{
  message: 'Error: Token is required-Error authentication failed',
  level: 'error',
  timestamp: '2022-06-24T20:01:21.823Z'
}
{
  message: 'Error: Token is required-Error authentication failed',
  level: 'error',
  timestamp: '2022-06-24T20:01:26.184Z'
}
{
  message: 'Error: Token is required-Error authentication failed',
  level: 'error',
  timestamp: '2022-06-24T20:01:46.688Z'
}
{
  message: 'Error: Token is required-Error authentication failed',
  level: 'error',
  timestamp: '2022-06-24T20:09:21.667Z'
}
{
  message: 'Error: Token is required-Error authentication failed',
  level: 'error',
  timestamp: '2022-06-24T20:14:00.117Z'
}
{
  message: 'Error: Token is required-Error authentication failed',
  level: 'error',
  timestamp: '2022-06-24T20:14:33.473Z'
}
{
  message: 'Error: Token is required-Error authentication failed',
  level: 'error',
  timestamp: '2022-06-24T20:14:37.441Z'
}
{
  message: 'Error: Token is required-Error authentication failed',
  level: 'error',
  timestamp: '2022-06-24T20:15:00.297Z'
}
{
  message: 'Error: Token is required-Error authentication failed',
  level: 'error',
  timestamp: '2022-06-24T20:15:46.224Z'
}
{
  message: 'Error: Token is required-Error authentication failed',
  level: 'error',
  timestamp: '2022-06-24T20:16:59.183Z'
}
{
  message: 'Error: Token is required-Error authentication failed',
  level: 'error',
  timestamp: '2022-06-24T20:31:53.794Z'
}
{
  message: 'Error: Token is required-Error authentication failed',
  level: 'error',
  timestamp: '2022-06-24T20:32:23.279Z'
}
{
  message: 'Error: Token is required-Error authentication failed',
  level: 'error',
  timestamp: '2022-06-24T20:32:30.935Z'
}
{
  message: 'Error: Token is required-Error authentication failed',
  level: 'error',
  timestamp: '2022-06-24T20:32:48.295Z'
}
{
  message: 'Error: Token is required-Error authentication failed',
  level: 'error',
  timestamp: '2022-06-24T20:32:51.156Z'
}
{
  message: 'Cart no updated-CastError: Cast to ObjectId failed for value "undefined" (type string) at path "_id" for model "Cart"',
  level: 'error',
  timestamp: '2022-06-24T21:56:08.868Z'
}
{
  message: 'ReferenceError: fecha is not defined-Error signing up client',
  level: 'error',
  timestamp: '2022-06-24T23:26:34.817Z'
}
{
  status: 400,
  code: 21211,
  moreInfo: 'https://www.twilio.com/docs/errors/21211',
  details: undefined,
  level: 'error',
  timestamp: '2022-06-25T01:32:00.984Z'
}
{
  message: 'Cart no updated-CastError: Cast to ObjectId failed for value "undefined" (type string) at path "_id" for model "Cart"',
  level: 'error',
  timestamp: '2022-06-25T01:34:39.642Z'
}
{
  status: 400,
  code: 21211,
  moreInfo: 'https://www.twilio.com/docs/errors/21211',
  details: undefined,
  level: 'error',
  timestamp: '2022-06-25T01:35:14.064Z'
}
{
  status: 400,
  code: 21211,
  moreInfo: 'https://www.twilio.com/docs/errors/21211',
  details: undefined,
  level: 'error',
  timestamp: '2022-06-25T01:35:14.067Z'
}
{
  message: 'Cart no updated-CastError: Cast to ObjectId failed for value "undefined" (type string) at path "_id" for model "Cart"',
  level: 'error',
  timestamp: '2022-06-25T01:39:06.292Z'
}
{
  status: 400,
  code: 21211,
  moreInfo: 'https://www.twilio.com/docs/errors/21211',
  details: undefined,
  level: 'error',
  timestamp: '2022-06-25T01:39:27.214Z'
}
{
  message: 'Cart no updated-CastError: Cast to ObjectId failed for value "undefined" (type string) at path "_id" for model "Cart"',
  level: 'error',
  timestamp: '2022-06-25T01:50:07.104Z'
}
{
  status: 400,
  code: 21910,
  moreInfo: 'https://www.twilio.com/docs/errors/21910',
  details: undefined,
  level: 'error',
  timestamp: '2022-06-25T01:50:23.959Z'
}
{
  status: 400,
  code: 21606,
  moreInfo: 'https://www.twilio.com/docs/errors/21606',
  details: undefined,
  level: 'error',
  timestamp: '2022-06-25T01:50:23.971Z'
}
{
  message: 'Cart no updated-CastError: Cast to ObjectId failed for value "undefined" (type string) at path "_id" for model "Cart"',
  level: 'error',
  timestamp: '2022-06-25T01:51:23.119Z'
}
{
  status: 400,
  code: 21606,
  moreInfo: 'https://www.twilio.com/docs/errors/21606',
  details: undefined,
  level: 'error',
  timestamp: '2022-06-25T01:51:30.919Z'
}
{
  message: 'Cart no updated-CastError: Cast to ObjectId failed for value "undefined" (type string) at path "_id" for model "Cart"',
  level: 'error',
  timestamp: '2022-06-25T01:54:03.446Z'
}
{
  status: 400,
  code: 21606,
  moreInfo: 'https://www.twilio.com/docs/errors/21606',
  details: undefined,
  level: 'error',
  timestamp: '2022-06-25T01:54:12.205Z'
}
{
  message: 'Cart no updated-CastError: Cast to ObjectId failed for value "undefined" (type string) at path "_id" for model "Cart"',
  level: 'error',
  timestamp: '2022-06-25T02:06:42.668Z'
}
{
  message: 'Cart no updated-CastError: Cast to ObjectId failed for value "undefined" (type string) at path "_id" for model "Cart"',
  level: 'error',
  timestamp: '2022-06-25T02:09:30.472Z'
}
{
  status: 400,
  code: 21212,
  moreInfo: 'https://www.twilio.com/docs/errors/21212',
  details: undefined,
  level: 'error',
  timestamp: '2022-06-25T02:09:41.341Z'
}
{
  message: 'Cart no updated-CastError: Cast to ObjectId failed for value "undefined" (type string) at path "_id" for model "Cart"',
  level: 'error',
  timestamp: '2022-06-25T02:10:26.158Z'
}
