
{
  message: 'CastError: Cast to ObjectId failed for value "62e2b0ec03d72fdb029daf433" (type string) at path "_id" for model "Product"-Cannot get requested product',
  level: 'error',
  timestamp: '2022-08-15T16:42:35.936Z'
}
{
  message: 'CastError: Cast to ObjectId failed for value "62e2b0ec03d72fdb029daf433" (type string) at path "_id" for model "Product"-Cannot get requested product',
  level: 'error',
  timestamp: '2022-08-15T16:43:26.192Z'
}
{
  message: 'CastError: Cast to ObjectId failed for value "62e2b0ec03d72fdb029daf433" (type string) at path "_id" for model "Product"-Cannot get requested product',
  level: 'error',
  timestamp: '2022-08-15T16:44:48.543Z'
}
{
  message: 'Cart no updated-CastError: Cast to ObjectId failed for value "undefined" (type string) at path "_id" for model "Cart"',
  level: 'error',
  timestamp: '2022-08-15T16:49:42.885Z'
}
{
  message: "Cart no updated-TypeError: Cannot read property 'products' of null",
  level: 'error',
  timestamp: '2022-08-15T16:49:45.809Z'
}
{
  message: 'CastError: Cast to ObjectId failed for value "anillo" (type string) at path "_id" for model "Product"-Cannot get requested product',
  level: 'error',
  timestamp: '2022-08-15T17:01:53.257Z'
}
{
  message: 'CastError: Cast to ObjectId failed for value "anillos" (type string) at path "_id" for model "Product"-Cannot get requested product',
  level: 'error',
  timestamp: '2022-08-15T17:01:56.635Z'
}
{
  message: 'CastError: Cast to ObjectId failed for value "anillos" (type string) at path "_id" for model "Product"-Cannot get requested product',
  level: 'error',
  timestamp: '2022-08-15T17:02:57.385Z'
}
{
  message: 'CastError: Cast to ObjectId failed for value "aros" (type string) at path "_id" for model "Product"-Cannot get requested product',
  level: 'error',
  timestamp: '2022-08-15T17:06:55.542Z'
}
{
  message: 'CastError: Cast to ObjectId failed for value "aros" (type string) at path "_id" for model "Product"-Cannot get requested product',
  level: 'error',
  timestamp: '2022-08-15T17:08:11.769Z'
}
{
  message: 'CastError: Cast to ObjectId failed for value "aros" (type string) at path "_id" for model "Product"-Cannot get requested product',
  level: 'error',
  timestamp: '2022-08-15T17:09:08.254Z'
}
